<?xml version="1.0" encoding="UTF-8" ?>
<testsuite tests="1" failures="0" name="RushHoursHubTest" time="0.005" errors="0" skipped="0">
  <properties>
    <property name="java.runtime.name" value="OpenJDK Runtime Environment"/>
    <property name="sun.boot.library.path" value="/home/anabneri/.sdkman/candidates/java/8.0.345-zulu/jre/lib/amd64"/>
    <property name="java.vm.version" value="25.345-b01"/>
    <property name="jdk.vendor.version" value="Zulu 8.64.0.19-CA-linux64"/>
    <property name="java.vm.vendor" value="Azul Systems, Inc."/>
    <property name="maven.multiModuleProjectDirectory" value="/home/anabneri/toll-calculator"/>
    <property name="java.vendor.url" value="http://www.azul.com/"/>
    <property name="path.separator" value=":"/>
    <property name="guice.disable.misplaced.annotation.check" value="true"/>
    <property name="java.vm.name" value="OpenJDK 64-Bit Server VM"/>
    <property name="file.encoding.pkg" value="sun.io"/>
    <property name="user.country" value="US"/>
    <property name="sun.java.launcher" value="SUN_STANDARD"/>
    <property name="sun.os.patch.level" value="unknown"/>
    <property name="java.vm.specification.name" value="Java Virtual Machine Specification"/>
    <property name="user.dir" value="/home/anabneri/toll-calculator"/>
    <property name="java.runtime.version" value="1.8.0_345-b01"/>
    <property name="java.awt.graphicsenv" value="sun.awt.X11GraphicsEnvironment"/>
    <property name="java.endorsed.dirs" value="/home/anabneri/.sdkman/candidates/java/8.0.345-zulu/jre/lib/endorsed"/>
    <property name="os.arch" value="amd64"/>
    <property name="java.io.tmpdir" value="/tmp"/>
    <property name="line.separator" value="
"/>
    <property name="java.vm.specification.vendor" value="Oracle Corporation"/>
    <property name="os.name" value="Linux"/>
    <property name="classworlds.conf" value="/home/anabneri/.sdkman/candidates/maven/current/bin/m2.conf"/>
    <property name="sun.jnu.encoding" value="UTF-8"/>
    <property name="java.library.path" value="/usr/java/packages/lib/amd64:/usr/lib64:/lib64:/lib:/usr/lib"/>
    <property name="maven.conf" value="/home/anabneri/.sdkman/candidates/maven/current/conf"/>
    <property name="java.specification.name" value="Java Platform API Specification"/>
    <property name="java.class.version" value="52.0"/>
    <property name="sun.management.compiler" value="HotSpot 64-Bit Tiered Compilers"/>
    <property name="os.version" value="5.10.16.3-microsoft-standard-WSL2"/>
    <property name="library.jansi.path" value="/home/anabneri/.sdkman/candidates/maven/current/lib/jansi-native"/>
    <property name="user.home" value="/home/anabneri"/>
    <property name="user.timezone" value="America/Sao_Paulo"/>
    <property name="java.awt.printerjob" value="sun.print.PSPrinterJob"/>
    <property name="java.specification.version" value="1.8"/>
    <property name="file.encoding" value="UTF-8"/>
    <property name="user.name" value="anabneri"/>
    <property name="java.class.path" value="/home/anabneri/.sdkman/candidates/maven/current/boot/plexus-classworlds-2.6.0.jar"/>
    <property name="java.vm.specification.version" value="1.8"/>
    <property name="sun.arch.data.model" value="64"/>
    <property name="java.home" value="/home/anabneri/.sdkman/candidates/java/8.0.345-zulu/jre"/>
    <property name="sun.java.command" value="org.codehaus.plexus.classworlds.launcher.Launcher clean package"/>
    <property name="java.specification.vendor" value="Oracle Corporation"/>
    <property name="user.language" value="en"/>
    <property name="awt.toolkit" value="sun.awt.X11.XToolkit"/>
    <property name="java.vm.info" value="mixed mode"/>
    <property name="java.version" value="1.8.0_345"/>
    <property name="java.ext.dirs" value="/home/anabneri/.sdkman/candidates/java/8.0.345-zulu/jre/lib/ext:/usr/java/packages/lib/ext"/>
    <property name="sun.boot.class.path" value="/home/anabneri/.sdkman/candidates/java/8.0.345-zulu/jre/lib/resources.jar:/home/anabneri/.sdkman/candidates/java/8.0.345-zulu/jre/lib/rt.jar:/home/anabneri/.sdkman/candidates/java/8.0.345-zulu/jre/lib/sunrsasign.jar:/home/anabneri/.sdkman/candidates/java/8.0.345-zulu/jre/lib/jsse.jar:/home/anabneri/.sdkman/candidates/java/8.0.345-zulu/jre/lib/jce.jar:/home/anabneri/.sdkman/candidates/java/8.0.345-zulu/jre/lib/charsets.jar:/home/anabneri/.sdkman/candidates/java/8.0.345-zulu/jre/lib/jfr.jar:/home/anabneri/.sdkman/candidates/java/8.0.345-zulu/jre/lib/cat.jar:/home/anabneri/.sdkman/candidates/java/8.0.345-zulu/jre/classes"/>
    <property name="java.vendor" value="Azul Systems, Inc."/>
    <property name="maven.home" value="/home/anabneri/.sdkman/candidates/maven/current"/>
    <property name="file.separator" value="/"/>
    <property name="java.vendor.url.bug" value="http://www.azul.com/support/"/>
    <property name="sun.cpu.endian" value="little"/>
    <property name="sun.io.unicode.encoding" value="UnicodeLittle"/>
    <property name="sun.cpu.isalist" value=""/>
  </properties>
  <testcase classname="RushHoursHubTest" name="shouldReturnCorrectRushHours" time="0.005"/>
</testsuite>